<?xml version="1.0" encoding="UTF-8" ?>
<testsuite failures="0" time="2.076" errors="0" skipped="0" tests="93" name="org.fao.geonet.kernel.search.LuceneQueryTest">
  <properties>
[...]
</properties>
  <testcase time="0.416" classname="org.fao.geonet.kernel.search.LuceneQueryTest" name="testDateTo"/>
  <testcase time="0" classname="org.fao.geonet.kernel.search.LuceneQueryTest" name="testSource"/>
  <testcase time="0.004" classname="org.fao.geonet.kernel.search.LuceneQueryTest" name="testSchema"/>
  <testcase time="0.005" classname="org.fao.geonet.kernel.search.LuceneQueryTest" name="testProtocol"/>
  <testcase time="0" classname="org.fao.geonet.kernel.search.LuceneQueryTest" name="testType"/>
  <testcase time="0.542" classname="org.fao.geonet.kernel.search.LuceneQueryTest" name="testTitle"/>
  <testcase time="0" classname="org.fao.geonet.kernel.search.LuceneQueryTest" name="testDateFrom"/>
  <testcase time="0" classname="org.fao.geonet.kernel.search.LuceneQueryTest" name="testMultiAny"/>
  <testcase time="0.122" classname="org.fao.geonet.kernel.search.LuceneQueryTest" name="testBBEquals"/>
  <testcase time="0.001" classname="org.fao.geonet.kernel.search.LuceneQueryTest" name="testDownload"/>
  <testcase time="0.005" classname="org.fao.geonet.kernel.search.LuceneQueryTest" name="testDynamic"/>
  <testcase time="0.271" classname="org.fao.geonet.kernel.search.LuceneQueryTest" name="testDoubleTokenUUIDWithNonStandardUUID"/>
  <testcase time="0.004" classname="org.fao.geonet.kernel.search.LuceneQueryTest" name="testSingleORMultipleTokenWithUUID"/>
  <testcase time="0.495" classname="org.fao.geonet.kernel.search.LuceneQueryTest" name="testSingleTokenStarWildcardAtTheEndAny"/>
  <testcase time="0.001" classname="org.fao.geonet.kernel.search.LuceneQueryTest" name="testSingleORSingleValueWithALL"/>
  <testcase time="0.001" classname="org.fao.geonet.kernel.search.LuceneQueryTest" name="testSingleORMultiValueWithWithout"/>
  <testcase time="0" classname="org.fao.geonet.kernel.search.LuceneQueryTest" name="testMultipleThemeKeyOrSeparated"/>
  <testcase time="0" classname="org.fao.geonet.kernel.search.LuceneQueryTest" name="testSingleORWithMultipleTokenPhrase"/>
  <testcase time="0.001" classname="org.fao.geonet.kernel.search.LuceneQueryTest" name="testMultipleAndTopicCategories"/>
  <testcase time="0" classname="org.fao.geonet.kernel.search.LuceneQueryTest" name="testSingleTokenAnyCaseInsensitive"/>
  <testcase time="0" classname="org.fao.geonet.kernel.search.LuceneQueryTest" name="testSingleORSingleTokenWithUUID"/>
  <testcase time="0.001" classname="org.fao.geonet.kernel.search.LuceneQueryTest" name="testSingleTokenWildcardWhitespace"/>
  <testcase time="0.008" classname="org.fao.geonet.kernel.search.LuceneQueryTest" name="testSingleTokenQMarkWildcardAny"/>
  <testcase time="0" classname="org.fao.geonet.kernel.search.LuceneQueryTest" name="testSingleMultiTokenInspireTheme"/>
  <testcase time="0.006" classname="org.fao.geonet.kernel.search.LuceneQueryTest" name="testSingleTokenQMarkWildcardAtTheEndAny"/>
  <testcase time="0" classname="org.fao.geonet.kernel.search.LuceneQueryTest" name="testMoreThanOneORParamSingleValue"/>
  <testcase time="0.003" classname="org.fao.geonet.kernel.search.LuceneQueryTest" name="testSingleORSingleValueAndANDparam"/>
  <testcase time="0.001" classname="org.fao.geonet.kernel.search.LuceneQueryTest" name="testMultiORMultipleNonTokenizedValuesWithOr"/>
  <testcase time="0.004" classname="org.fao.geonet.kernel.search.LuceneQueryTest" name="testSingleORMultiValueWithOR"/>
  <testcase time="0.001" classname="org.fao.geonet.kernel.search.LuceneQueryTest" name="testSingleTokenAny"/>
  <testcase time="0.001" classname="org.fao.geonet.kernel.search.LuceneQueryTest" name="testNoTokenAny"/>
  <testcase time="0" classname="org.fao.geonet.kernel.search.LuceneQueryTest" name="testMultipleTokensAny"/>
  <testcase time="0.001" classname="org.fao.geonet.kernel.search.LuceneQueryTest" name="testSingleTokenOr"/>
  <testcase time="0.002" classname="org.fao.geonet.kernel.search.LuceneQueryTest" name="testSingleTokenAll"/>
  <testcase time="0.011" classname="org.fao.geonet.kernel.search.LuceneQueryTest" name="testMultipleTokensAllFuzzy"/>
  <testcase time="0.001" classname="org.fao.geonet.kernel.search.LuceneQueryTest" name="testMultiORWithSecurityField"/>
  <testcase time="0.001" classname="org.fao.geonet.kernel.search.LuceneQueryTest" name="testMultiORSingleValue"/>
  <testcase time="0.001" classname="org.fao.geonet.kernel.search.LuceneQueryTest" name="testSingleTokenAnyFuzzy"/>
  <testcase time="0.001" classname="org.fao.geonet.kernel.search.LuceneQueryTest" name="testSingleORSingleValue"/>
  <testcase time="0" classname="org.fao.geonet.kernel.search.LuceneQueryTest" name="testSingleORWithTemporal"/>
  <testcase time="0.019" classname="org.fao.geonet.kernel.search.LuceneQueryTest" name="testSingleTokenUUID"/>
  <testcase time="0" classname="org.fao.geonet.kernel.search.LuceneQueryTest" name="testSingleORWithBB"/>
  <testcase time="0" classname="org.fao.geonet.kernel.search.LuceneQueryTest" name="testMultipleTokensAnyFuzzy"/>
  <testcase time="0.102" classname="org.fao.geonet.kernel.search.LuceneQueryTest" name="testSingleTokenWildcardAny"/>
  <testcase time="0.001" classname="org.fao.geonet.kernel.search.LuceneQueryTest" name="testMultipleTokenOr"/>
  <testcase time="0.001" classname="org.fao.geonet.kernel.search.LuceneQueryTest" name="testMultipleTokenOrFuzzy"/>
  <testcase time="0.001" classname="org.fao.geonet.kernel.search.LuceneQueryTest" name="testSingleTokenAnyFuzzy1"/>
  <testcase time="0.004" classname="org.fao.geonet.kernel.search.LuceneQueryTest" name="testSingleTokenWithout"/>
  <testcase time="0.002" classname="org.fao.geonet.kernel.search.LuceneQueryTest" name="testMultipleTokenWithout"/>
  <testcase time="0.002" classname="org.fao.geonet.kernel.search.LuceneQueryTest" name="testMultipleTokenWithoutfuzzy"/>
  <testcase time="0.001" classname="org.fao.geonet.kernel.search.LuceneQueryTest" name="testSingleTokenPhrase"/>
  <testcase time="0" classname="org.fao.geonet.kernel.search.LuceneQueryTest" name="testMultipleTokenPhraseFuzzy"/>
  <testcase time="0.001" classname="org.fao.geonet.kernel.search.LuceneQueryTest" name="testSingleTopicCategory"/>
  <testcase time="0.001" classname="org.fao.geonet.kernel.search.LuceneQueryTest" name="testSingleORMultipleValue"/>
  <testcase time="0.001" classname="org.fao.geonet.kernel.search.LuceneQueryTest" name="testDoubleTokenUUID"/>
  <testcase time="0" classname="org.fao.geonet.kernel.search.LuceneQueryTest" name="testMultipleTokenPhrase"/>
  <testcase time="0.001" classname="org.fao.geonet.kernel.search.LuceneQueryTest" name="testMultipleOrTopicCategories"/>
  <testcase time="0.002" classname="org.fao.geonet.kernel.search.LuceneQueryTest" name="testMultiORMultipleValue"/>
  <testcase time="0.001" classname="org.fao.geonet.kernel.search.LuceneQueryTest" name="testBBOverlaps"/>
  <testcase time="0.001" classname="org.fao.geonet.kernel.search.LuceneQueryTest" name="testMultipleInspireTheme"/>
  <testcase time="0.001" classname="org.fao.geonet.kernel.search.LuceneQueryTest" name="testBBFullyEnclosedWithin"/>
  <testcase time="0.002" classname="org.fao.geonet.kernel.search.LuceneQueryTest" name="testBBFullyOutsideOf"/>
  <testcase time="0.001" classname="org.fao.geonet.kernel.search.LuceneQueryTest" name="testIsTemplateWTF"/>
  <testcase time="0" classname="org.fao.geonet.kernel.search.LuceneQueryTest" name="testEditableTrue"/>
  <testcase time="0.001" classname="org.fao.geonet.kernel.search.LuceneQueryTest" name="testMultiGroupOwner"/>
  <testcase time="0.001" classname="org.fao.geonet.kernel.search.LuceneQueryTest" name="testMultipleThemeKey"/>
  <testcase time="0.001" classname="org.fao.geonet.kernel.search.LuceneQueryTest" name="testSingleInspireTheme"/>
  <testcase time="0" classname="org.fao.geonet.kernel.search.LuceneQueryTest" name="testSingleTokenInspireAnnex"/>
  <testcase time="0.001" classname="org.fao.geonet.kernel.search.LuceneQueryTest" name="testTemporalExtent"/>
  <testcase time="0.001" classname="org.fao.geonet.kernel.search.LuceneQueryTest" name="testRandomTest1"/>
  <testcase time="0.001" classname="org.fao.geonet.kernel.search.LuceneQueryTest" name="testIsTemplateNoValue"/>
  <testcase time="0" classname="org.fao.geonet.kernel.search.LuceneQueryTest" name="testOperatesOn"/>
  <testcase time="0.001" classname="org.fao.geonet.kernel.search.LuceneQueryTest" name="testPopularGet"/>
  <testcase time="0.001" classname="org.fao.geonet.kernel.search.LuceneQueryTest" name="testFeaturedTrue"/>
  <testcase time="0" classname="org.fao.geonet.kernel.search.LuceneQueryTest" name="testMultiGroupAdmin"/>
  <testcase time="0.001" classname="org.fao.geonet.kernel.search.LuceneQueryTest" name="testDigitalAndPaper"/>
  <testcase time="0.001" classname="org.fao.geonet.kernel.search.LuceneQueryTest" name="testSingleGroup"/>
  <testcase time="0" classname="org.fao.geonet.kernel.search.LuceneQueryTest" name="testIsTemplateY"/>
  <testcase time="0.001" classname="org.fao.geonet.kernel.search.LuceneQueryTest" name="testDateToFrom"/>
  <testcase time="0" classname="org.fao.geonet.kernel.search.LuceneQueryTest" name="testSingleCategory"/>
  <testcase time="0.001" classname="org.fao.geonet.kernel.search.LuceneQueryTest" name="testFeaturedNotTrue"/>
  <testcase time="0.001" classname="org.fao.geonet.kernel.search.LuceneQueryTest" name="testSingleGroupOwner"/>
  <testcase time="0.001" classname="org.fao.geonet.kernel.search.LuceneQueryTest" name="testBBOverlapsStandard"/>
  <testcase time="0" classname="org.fao.geonet.kernel.search.LuceneQueryTest" name="testIsTemplateS"/>
  <testcase time="0.004" classname="org.fao.geonet.kernel.search.LuceneQueryTest" name="testMultipleOrCategory"/>
  <testcase time="0" classname="org.fao.geonet.kernel.search.LuceneQueryTest" name="testMultipleGroupOwner"/>
  <testcase time="0.001" classname="org.fao.geonet.kernel.search.LuceneQueryTest" name="testSingleInspire"/>
  <testcase time="0" classname="org.fao.geonet.kernel.search.LuceneQueryTest" name="testMultiGroup"/>
  <testcase time="0.001" classname="org.fao.geonet.kernel.search.LuceneQueryTest" name="testMultipleCategory"/>
  <testcase time="0" classname="org.fao.geonet.kernel.search.LuceneQueryTest" name="testParentUUID"/>
  <testcase time="0" classname="org.fao.geonet.kernel.search.LuceneQueryTest" name="testMultiGroupReviewer"/>
  <testcase time="0" classname="org.fao.geonet.kernel.search.LuceneQueryTest" name="testSingleThemeKey"/>
  <testcase time="0" classname="org.fao.geonet.kernel.search.LuceneQueryTest" name="testBBEncloses"/>
</testsuite>